<?xml version="1.0" encoding="UTF-8"?>
<testsuite name="ua.SerializationTests" tests="3" skipped="0" failures="0" errors="0" timestamp="2025-11-25T17:36:50.768Z" hostname="DESKTOP-EVEF1TB" time="0.461">
  <properties/>
  <testcase name="testJsonSerialization()" classname="ua.SerializationTests" time="0.368"/>
  <testcase name="testInvalidJsonThrowsException()" classname="ua.SerializationTests" time="0.006"/>
  <testcase name="testYamlSerialization()" classname="ua.SerializationTests" time="0.084"/>
  <system-out><![CDATA[]]></system-out>
  <system-err><![CDATA[]]></system-err>
</testsuite>
